Array
(
    [projectId] => 3
    [phaseId] => 9
    [activity_id] => activity_9
    [name] => sub-activity test with hope for upf
    [assigned_to] => 13
    [description] => sub-activity test with hope for upf description
    [start_date] => 2025-08-01
    [end_date] => 2025-08-28
    [status] => pending
)
Array
(
    [projectId] => 3
    [phaseId] => 9
    [activity_id] => 9
    [name] => sub-activity test with hope for upf
    [assigned_to] => 13
    [description] => sub-activity test with hope for upf
    [start_date] => 2025-08-01
    [end_date] => 2025-08-28
    [status] => pending
)
Array
(
    [projectId] => 3
    [phaseId] => 12
    [activity_id] => 15
    [name] => Sub-Act-of-req-ActOne
    [assigned_to] => 7
    [description] => Sub-Act-of-req-ActOne Description
    [start_date] => 2025-08-12
    [end_date] => 2025-08-11
    [status] => pending
)
